<?xml version="1.0" encoding="UTF-8" ?>
<testsuite tests="17" failures="3" name="calendar.DataHandlerRandomTest" time="33.065" errors="1" skipped="0">
  <properties>
[...]
</properties>
  <testcase classname="calendar.DataHandlerRandomTest" name="test00" time="0.096"/>
  <testcase classname="calendar.DataHandlerRandomTest" name="test01" time="0.188"/>
  <testcase classname="calendar.DataHandlerRandomTest" name="test02" time="0.007">
    <failure message="failed to delete appt" type="java.lang.AssertionError">java.lang.AssertionError: failed to delete appt
	at org.junit.Assert.fail(Assert.java:88)
	at org.junit.Assert.assertTrue(Assert.java:41)
	at calendar.DataHandlerRandomTest.test02(DataHandlerRandomTest.java:229)
	at java.base/jdk.internal.reflect.NativeMethodAccessorImpl.invoke0(Native Method)
	at java.base/jdk.internal.reflect.NativeMethodAccessorImpl.invoke(NativeMethodAccessorImpl.java:62)
	at java.base/jdk.internal.reflect.DelegatingMethodAccessorImpl.invoke(DelegatingMethodAccessorImpl.java:43)
	at java.base/java.lang.reflect.Method.invoke(Method.java:564)
	at org.junit.runners.model.FrameworkMethod$1.runReflectiveCall(FrameworkMethod.java:50)
	at org.junit.internal.runners.model.ReflectiveCallable.run(ReflectiveCallable.java:12)
	at org.junit.runners.model.FrameworkMethod.invokeExplosively(FrameworkMethod.java:47)
	at org.junit.internal.runners.statements.InvokeMethod.evaluate(InvokeMethod.java:17)
	at org.junit.internal.runners.statements.FailOnTimeout$CallableStatement.call(FailOnTimeout.java:298)
	at org.junit.internal.runners.statements.FailOnTimeout$CallableStatement.call(FailOnTimeout.java:292)
	at java.base/java.util.concurrent.FutureTask.run(FutureTask.java:264)
	at java.base/java.lang.Thread.run(Thread.java:844)
</failure>
  </testcase>
  <testcase classname="calendar.DataHandlerRandomTest" name="test03" time="0"/>
  <testcase classname="calendar.DataHandlerRandomTest" name="test04" time="0.003">
    <failure type="java.lang.AssertionError">java.lang.AssertionError
	at org.junit.Assert.fail(Assert.java:86)
	at org.junit.Assert.assertTrue(Assert.java:41)
	at org.junit.Assert.assertNotNull(Assert.java:712)
	at org.junit.Assert.assertNotNull(Assert.java:722)
	at calendar.DataHandlerRandomTest.test04(DataHandlerRandomTest.java:253)
	at java.base/jdk.internal.reflect.NativeMethodAccessorImpl.invoke0(Native Method)
	at java.base/jdk.internal.reflect.NativeMethodAccessorImpl.invoke(NativeMethodAccessorImpl.java:62)
	at java.base/jdk.internal.reflect.DelegatingMethodAccessorImpl.invoke(DelegatingMethodAccessorImpl.java:43)
	at java.base/java.lang.reflect.Method.invoke(Method.java:564)
	at org.junit.runners.model.FrameworkMethod$1.runReflectiveCall(FrameworkMethod.java:50)
	at org.junit.internal.runners.model.ReflectiveCallable.run(ReflectiveCallable.java:12)
	at org.junit.runners.model.FrameworkMethod.invokeExplosively(FrameworkMethod.java:47)
	at org.junit.internal.runners.statements.InvokeMethod.evaluate(InvokeMethod.java:17)
	at org.junit.internal.runners.statements.FailOnTimeout$CallableStatement.call(FailOnTimeout.java:298)
	at org.junit.internal.runners.statements.FailOnTimeout$CallableStatement.call(FailOnTimeout.java:292)
	at java.base/java.util.concurrent.FutureTask.run(FutureTask.java:264)
	at java.base/java.lang.Thread.run(Thread.java:844)
</failure>
  </testcase>
  <testcase classname="calendar.DataHandlerRandomTest" name="test05" time="0.003">
    <failure type="java.lang.AssertionError">java.lang.AssertionError
	at org.junit.Assert.fail(Assert.java:86)
	at org.junit.Assert.assertTrue(Assert.java:41)
	at org.junit.Assert.assertNotNull(Assert.java:712)
	at org.junit.Assert.assertNotNull(Assert.java:722)
	at calendar.DataHandlerRandomTest.test05(DataHandlerRandomTest.java:274)
	at java.base/jdk.internal.reflect.NativeMethodAccessorImpl.invoke0(Native Method)
	at java.base/jdk.internal.reflect.NativeMethodAccessorImpl.invoke(NativeMethodAccessorImpl.java:62)
	at java.base/jdk.internal.reflect.DelegatingMethodAccessorImpl.invoke(DelegatingMethodAccessorImpl.java:43)
	at java.base/java.lang.reflect.Method.invoke(Method.java:564)
	at org.junit.runners.model.FrameworkMethod$1.runReflectiveCall(FrameworkMethod.java:50)
	at org.junit.internal.runners.model.ReflectiveCallable.run(ReflectiveCallable.java:12)
	at org.junit.runners.model.FrameworkMethod.invokeExplosively(FrameworkMethod.java:47)
	at org.junit.internal.runners.statements.InvokeMethod.evaluate(InvokeMethod.java:17)
	at org.junit.internal.runners.statements.FailOnTimeout$CallableStatement.call(FailOnTimeout.java:298)
	at org.junit.internal.runners.statements.FailOnTimeout$CallableStatement.call(FailOnTimeout.java:292)
	at java.base/java.util.concurrent.FutureTask.run(FutureTask.java:264)
	at java.base/java.lang.Thread.run(Thread.java:844)
</failure>
  </testcase>
  <testcase classname="calendar.DataHandlerRandomTest" name="test06" time="0.003"/>
  <testcase classname="calendar.DataHandlerRandomTest" name="test07" time="0"/>
  <testcase classname="calendar.DataHandlerRandomTest" name="test08" time="0.005"/>
  <testcase classname="calendar.DataHandlerRandomTest" name="test09" time="0.002"/>
  <testcase classname="calendar.DataHandlerRandomTest" name="test10" time="0.015"/>
  <testcase classname="calendar.DataHandlerRandomTest" name="test11" time="0.041"/>
  <testcase classname="calendar.DataHandlerRandomTest" name="test12" time="0.015"/>
  <testcase classname="calendar.DataHandlerRandomTest" name="test13" time="0.157"/>
  <testcase classname="calendar.DataHandlerRandomTest" name="test14" time="0.013">
    <error message="Second date specified is not before the first date specified." type="calendar.DateOutOfRangeException">calendar.DateOutOfRangeException: Second date specified is not before the first date specified.
	at calendar.DataHandler.getApptRange(DataHandler.java:143)
	at calendar.DataHandlerRandomTest.test14(DataHandlerRandomTest.java:520)
	at java.base/jdk.internal.reflect.NativeMethodAccessorImpl.invoke0(Native Method)
	at java.base/jdk.internal.reflect.NativeMethodAccessorImpl.invoke(NativeMethodAccessorImpl.java:62)
	at java.base/jdk.internal.reflect.DelegatingMethodAccessorImpl.invoke(DelegatingMethodAccessorImpl.java:43)
	at java.base/java.lang.reflect.Method.invoke(Method.java:564)
	at org.junit.runners.model.FrameworkMethod$1.runReflectiveCall(FrameworkMethod.java:50)
	at org.junit.internal.runners.model.ReflectiveCallable.run(ReflectiveCallable.java:12)
	at org.junit.runners.model.FrameworkMethod.invokeExplosively(FrameworkMethod.java:47)
	at org.junit.internal.runners.statements.InvokeMethod.evaluate(InvokeMethod.java:17)
	at org.junit.internal.runners.statements.FailOnTimeout$CallableStatement.call(FailOnTimeout.java:298)
	at org.junit.internal.runners.statements.FailOnTimeout$CallableStatement.call(FailOnTimeout.java:292)
	at java.base/java.util.concurrent.FutureTask.run(FutureTask.java:264)
	at java.base/java.lang.Thread.run(Thread.java:844)
</error>
  </testcase>
  <testcase classname="calendar.DataHandlerRandomTest" name="test15" time="0.013"/>
  <testcase classname="calendar.DataHandlerRandomTest" name="radnomtest" time="32.504"/>
</testsuite>